\BOOKMARK [1][-]{section.1}{Introduction}{}% 1
\BOOKMARK [1][-]{section.2}{Data}{}% 2
\BOOKMARK [2][-]{subsection.2.1}{Herschel-ATLAS Sources}{section.2}% 3
\BOOKMARK [2][-]{subsection.2.2}{VISTA VIKING Counterparts}{section.2}% 4
\BOOKMARK [2][-]{subsection.2.3}{Star-Galaxy Classifier}{section.2}% 5
\BOOKMARK [1][-]{section.3}{Likelihood Ratio Method}{}% 6
\BOOKMARK [2][-]{subsection.3.1}{True Counterparts Distribution}{section.3}% 7
\BOOKMARK [2][-]{subsection.3.2}{Estimation of Q}{section.3}% 8
\BOOKMARK [2][-]{subsection.3.3}{Positional Uncertainty}{section.3}% 9
\BOOKMARK [1][-]{section.4}{Results}{}% 10
\BOOKMARK [2][-]{subsection.4.1}{Reliable ID Sample}{section.4}% 11
\BOOKMARK [2][-]{subsection.4.2}{Photometric Redshifts}{section.4}% 12
\BOOKMARK [2][-]{subsection.4.3}{Source Counts}{section.4}% 13
\BOOKMARK [1][-]{section.5}{Lensed Population}{}% 14
\BOOKMARK [2][-]{subsection.5.1}{In Search of Large Samples of Lensed Sources}{section.5}% 15
\BOOKMARK [2][-]{subsection.5.2}{Optimal Lensing Probability Threshold}{section.5}% 16
\BOOKMARK [2][-]{subsection.5.3}{Lensed Number Counts and Redshift Distribution}{section.5}% 17
\BOOKMARK [2][-]{subsection.5.4}{Comparison with Herschel-ATLAS Lensed Objects Selection}{section.5}% 18
\BOOKMARK [1][-]{section.6}{Conclusions}{}% 19
\BOOKMARK [1][-]{section.A1}{Candidate lensed galaxies}{}% 20
